<testsuites id="" name="" tests="259" failures="96" skipped="0" errors="0" time="152.417752">
<testsuite name="accessibility/a11y-audit.spec.ts" timestamp="2025-12-12T10:45:11.130Z" hostname="chromium" tests="12" failures="2" skipped="0" time="15.322" errors="0">
<testcase name="Accessibility Audit › empty application has no critical violations" classname="accessibility/a11y-audit.spec.ts" time="1.677">
</testcase>
<testcase name="Accessibility Audit › header region passes accessibility audit" classname="accessibility/a11y-audit.spec.ts" time="1.683">
</testcase>
<testcase name="Accessibility Audit › toolbar sidebar passes accessibility audit" classname="accessibility/a11y-audit.spec.ts" time="1.688">
</testcase>
<testcase name="Accessibility Audit › properties panel with element selected passes audit" classname="accessibility/a11y-audit.spec.ts" time="1.935">
<failure message="a11y-audit.spec.ts:50:7 properties panel with element selected passes audit" type="FAILURE">
<![CDATA[  [chromium] › accessibility/a11y-audit.spec.ts:50:7 › Accessibility Audit › properties panel with element selected passes audit 

    Error: Accessibility violations found:

    [critical] button-name: Ensure buttons have discernible text
      Help: Buttons must have discernible text
      Elements:
      <button class="p-1 hover:bg-gray-100 rounded">

       at ../helpers/accessibility-helpers.ts:103

      101 |       .join('\n\n');
      102 |
    > 103 |     throw new Error(`Accessibility violations found:\n\n${violationMessages}`);
          |           ^
      104 |   }
      105 | }
      106 |
        at assertNoA11yViolations (/Users/david.oliver/Documents/GitHub/bac4-standalone/e2e/helpers/accessibility-helpers.ts:103:11)
        at /Users/david.oliver/Documents/GitHub/bac4-standalone/e2e/tests/accessibility/a11y-audit.spec.ts:54:5

    attachment #1: screenshot (image/png) ──────────────────────────────────────────────────────────
    ../reports/test-results/accessibility-a11y-audit-A-5ac2d-ement-selected-passes-audit-chromium/test-failed-1.png
    ────────────────────────────────────────────────────────────────────────────────────────────────

    attachment #2: video (video/webm) ──────────────────────────────────────────────────────────────
    ../reports/test-results/accessibility-a11y-audit-A-5ac2d-ement-selected-passes-audit-chromium/video-1.webm
    ────────────────────────────────────────────────────────────────────────────────────────────────

    attachment #3: video (video/webm) ──────────────────────────────────────────────────────────────
    ../reports/test-results/accessibility-a11y-audit-A-5ac2d-ement-selected-passes-audit-chromium/video.webm
    ────────────────────────────────────────────────────────────────────────────────────────────────

    Error Context: ../reports/test-results/accessibility-a11y-audit-A-5ac2d-ement-selected-passes-audit-chromium/error-context.md
]]>
</failure>
<system-out>
<![CDATA[
[[ATTACHMENT|../test-results/accessibility-a11y-audit-A-5ac2d-ement-selected-passes-audit-chromium/test-failed-1.png]]

[[ATTACHMENT|../test-results/accessibility-a11y-audit-A-5ac2d-ement-selected-passes-audit-chromium/video-1.webm]]

[[ATTACHMENT|../test-results/accessibility-a11y-audit-A-5ac2d-ement-selected-passes-audit-chromium/video.webm]]

[[ATTACHMENT|../test-results/accessibility-a11y-audit-A-5ac2d-ement-selected-passes-audit-chromium/error-context.md]]
]]>
</system-out>
</testcase>
<testcase name="Accessibility Audit › buttons have accessible names" classname="accessibility/a11y-audit.spec.ts" time="1.356">
</testcase>
<testcase name="Accessibility Audit › color contrast meets WCAG AA" classname="accessibility/a11y-audit.spec.ts" time="1.21">
</testcase>
<testcase name="Accessibility Audit › form inputs have labels when editing" classname="accessibility/a11y-audit.spec.ts" time="1.27">
</testcase>
<testcase name="Accessibility Audit › page has proper landmark structure" classname="accessibility/a11y-audit.spec.ts" time="0.861">
</testcase>
<testcase name="Accessibility Audit › select elements are keyboard accessible" classname="accessibility/a11y-audit.spec.ts" time="0.837">
</testcase>
<testcase name="Accessibility Audit › export menu is accessible" classname="accessibility/a11y-audit.spec.ts" time="0.983">
</testcase>
<testcase name="Accessibility Audit › images and icons have alt text or aria labels" classname="accessibility/a11y-audit.spec.ts" time="0.977">
<failure message="a11y-audit.spec.ts:133:7 images and icons have alt text or aria labels" type="FAILURE">
<![CDATA[  [chromium] › accessibility/a11y-audit.spec.ts:133:7 › Accessibility Audit › images and icons have alt text or aria labels 

    Error: expect(received).toBeGreaterThan(expected)

    Expected: > 6
    Received:   1

      149 |
      150 |     // Most SVGs should be properly labeled or hidden
    > 151 |     expect(accessibleCount).toBeGreaterThan(count * 0.5);
          |                             ^
      152 |   });
      153 |
      154 |   test('no duplicate IDs on page', async ({ page }) => {
        at /Users/david.oliver/Documents/GitHub/bac4-standalone/e2e/tests/accessibility/a11y-audit.spec.ts:151:29

    attachment #1: screenshot (image/png) ──────────────────────────────────────────────────────────
    ../reports/test-results/accessibility-a11y-audit-A-35869-ave-alt-text-or-aria-labels-chromium/test-failed-1.png
    ────────────────────────────────────────────────────────────────────────────────────────────────

    attachment #2: video (video/webm) ──────────────────────────────────────────────────────────────
    ../reports/test-results/accessibility-a11y-audit-A-35869-ave-alt-text-or-aria-labels-chromium/video.webm
    ────────────────────────────────────────────────────────────────────────────────────────────────

    Error Context: ../reports/test-results/accessibility-a11y-audit-A-35869-ave-alt-text-or-aria-labels-chromium/error-context.md
]]>
</failure>
<system-out>
<![CDATA[
[[ATTACHMENT|../test-results/accessibility-a11y-audit-A-35869-ave-alt-text-or-aria-labels-chromium/test-failed-1.png]]

[[ATTACHMENT|../test-results/accessibility-a11y-audit-A-35869-ave-alt-text-or-aria-labels-chromium/video.webm]]

[[ATTACHMENT|../test-results/accessibility-a11y-audit-A-35869-ave-alt-text-or-aria-labels-chromium/error-context.md]]
]]>
</system-out>
</testcase>
<testcase name="Accessibility Audit › no duplicate IDs on page" classname="accessibility/a11y-audit.spec.ts" time="0.845">
</testcase>
</testsuite>
<testsuite name="accessibility/focus-management.spec.ts" timestamp="2025-12-12T10:45:11.130Z" hostname="chromium" tests="14" failures="1" skipped="0" time="13.11" errors="0">
<testcase name="Focus Management › initial focus is on page content" classname="accessibility/focus-management.spec.ts" time="0.964">
</testcase>
<testcase name="Focus Management › selecting element moves focus context to properties panel" classname="accessibility/focus-management.spec.ts" time="1.077">
</testcase>
<testcase name="Focus Management › closing properties panel returns to appropriate focus" classname="accessibility/focus-management.spec.ts" time="1.377">
</testcase>
<testcase name="Focus Management › export menu items are focusable" classname="accessibility/focus-management.spec.ts" time="0.889">
</testcase>
<testcase name="Focus Management › layout menu items are focusable" classname="accessibility/focus-management.spec.ts" time="0.83">
</testcase>
<testcase name="Focus Management › form inputs in properties panel are focusable" classname="accessibility/focus-management.spec.ts" time="1.164">
</testcase>
<testcase name="Focus Management › delete button is focusable" classname="accessibility/focus-management.spec.ts" time="1.122">
</testcase>
<testcase name="Focus Management › toolbar element buttons are focusable" classname="accessibility/focus-management.spec.ts" time="0.764">
</testcase>
<testcase name="Focus Management › canvas controls are focusable" classname="accessibility/focus-management.spec.ts" time="0.707">
</testcase>
<testcase name="Focus Management › level selector is focusable" classname="accessibility/focus-management.spec.ts" time="0.712">
</testcase>
<testcase name="Focus Management › export button is focusable" classname="accessibility/focus-management.spec.ts" time="0.728">
</testcase>
<testcase name="Focus Management › import button/label is focusable" classname="accessibility/focus-management.spec.ts" time="0.757">
</testcase>
<testcase name="Focus Management › focus trap in modal dialogs" classname="accessibility/focus-management.spec.ts" time="1.19">
<failure message="focus-management.spec.ts:139:7 focus trap in modal dialogs" type="FAILURE">
<![CDATA[  [chromium] › accessibility/focus-management.spec.ts:139:7 › Focus Management › focus trap in modal dialogs 

    Error: dialog.dismiss: Cannot dismiss dialog which is already handled!

      146 |     page.once('dialog', async (dialog) => {
      147 |       dialogMessage = dialog.message();
    > 148 |       await dialog.dismiss();
          |                    ^
      149 |     });
      150 |
      151 |     await app.propertiesPanel.clickDelete();
        at Page.<anonymous> (/Users/david.oliver/Documents/GitHub/bac4-standalone/e2e/tests/accessibility/focus-management.spec.ts:148:20)

    attachment #1: screenshot (image/png) ──────────────────────────────────────────────────────────
    ../reports/test-results/accessibility-focus-manage-2343d-focus-trap-in-modal-dialogs-chromium/test-failed-1.png
    ────────────────────────────────────────────────────────────────────────────────────────────────

    attachment #2: video (video/webm) ──────────────────────────────────────────────────────────────
    ../reports/test-results/accessibility-focus-manage-2343d-focus-trap-in-modal-dialogs-chromium/video.webm
    ────────────────────────────────────────────────────────────────────────────────────────────────

    Error Context: ../reports/test-results/accessibility-focus-manage-2343d-focus-trap-in-modal-dialogs-chromium/error-context.md
]]>
</failure>
<system-out>
<![CDATA[
[[ATTACHMENT|../test-results/accessibility-focus-manage-2343d-focus-trap-in-modal-dialogs-chromium/test-failed-1.png]]

[[ATTACHMENT|../test-results/accessibility-focus-manage-2343d-focus-trap-in-modal-dialogs-chromium/video.webm]]

[[ATTACHMENT|../test-results/accessibility-focus-manage-2343d-focus-trap-in-modal-dialogs-chromium/error-context.md]]
]]>
</system-out>
</testcase>
<testcase name="Focus Management › skip links or focus landmarks exist" classname="accessibility/focus-management.spec.ts" time="0.829">
</testcase>
</testsuite>
<testsuite name="accessibility/keyboard-navigation.spec.ts" timestamp="2025-12-12T10:45:11.130Z" hostname="chromium" tests="13" failures="4" skipped="0" time="17.105" errors="0">
<testcase name="Keyboard Navigation › Tab navigates through header controls" classname="accessibility/keyboard-navigation.spec.ts" time="0.768">
</testcase>
<testcase name="Keyboard Navigation › Tab navigates through toolbar elements" classname="accessibility/keyboard-navigation.spec.ts" time="0.769">
<failure message="keyboard-navigation.spec.ts:32:7 Tab navigates through toolbar elements" type="FAILURE">
<![CDATA[  [chromium] › accessibility/keyboard-navigation.spec.ts:32:7 › Keyboard Navigation › Tab navigates through toolbar elements 

    Error: expect(received).toBe(expected) // Object.is equality

    Expected: true
    Received: false

      45 |     }
      46 |
    > 47 |     expect(reachedToolbar).toBe(true);
         |                            ^
      48 |   });
      49 |
      50 |   test('Level selector can be changed with keyboard', async ({ page }) => {
        at /Users/david.oliver/Documents/GitHub/bac4-standalone/e2e/tests/accessibility/keyboard-navigation.spec.ts:47:28

    attachment #1: screenshot (image/png) ──────────────────────────────────────────────────────────
    ../reports/test-results/accessibility-keyboard-nav-e3332-es-through-toolbar-elements-chromium/test-failed-1.png
    ────────────────────────────────────────────────────────────────────────────────────────────────

    attachment #2: video (video/webm) ──────────────────────────────────────────────────────────────
    ../reports/test-results/accessibility-keyboard-nav-e3332-es-through-toolbar-elements-chromium/video.webm
    ────────────────────────────────────────────────────────────────────────────────────────────────

    Error Context: ../reports/test-results/accessibility-keyboard-nav-e3332-es-through-toolbar-elements-chromium/error-context.md
]]>
</failure>
<system-out>
<![CDATA[
[[ATTACHMENT|../test-results/accessibility-keyboard-nav-e3332-es-through-toolbar-elements-chromium/test-failed-1.png]]

[[ATTACHMENT|../test-results/accessibility-keyboard-nav-e3332-es-through-toolbar-elements-chromium/video.webm]]

[[ATTACHMENT|../test-results/accessibility-keyboard-nav-e3332-es-through-toolbar-elements-chromium/error-context.md]]
]]>
</system-out>
</testcase>
<testcase name="Keyboard Navigation › Level selector can be changed with keyboard" classname="accessibility/keyboard-navigation.spec.ts" time="0.744">
</testcase>
<testcase name="Keyboard Navigation › Export menu can be opened with keyboard" classname="accessibility/keyboard-navigation.spec.ts" time="0.78">
</testcase>
<testcase name="Keyboard Navigation › Export menu can be navigated with Tab" classname="accessibility/keyboard-navigation.spec.ts" time="0.884">
</testcase>
<testcase name="Keyboard Navigation › Escape closes export menu" classname="accessibility/keyboard-navigation.spec.ts" time="6.154">
<failure message="keyboard-navigation.spec.ts:87:7 Escape closes export menu" type="FAILURE">
<![CDATA[  [chromium] › accessibility/keyboard-navigation.spec.ts:87:7 › Keyboard Navigation › Escape closes export menu 

    Error: expect(locator).not.toBeVisible() failed

    Locator:  locator('.absolute.w-48.bg-white.rounded-lg.shadow-lg').first()
    Expected: not visible
    Received: visible
    Timeout:  5000ms

    Call log:
      - Expect "not toBeVisible" with timeout 5000ms
      - waiting for locator('.absolute.w-48.bg-white.rounded-lg.shadow-lg').first()
        9 × locator resolved to <div class="absolute right-0 mt-2 w-48 bg-white rounded-lg shadow-lg border border-gray-200 z-50">…</div>
          - unexpected value "visible"


      93 |     await page.keyboard.press('Escape');
      94 |
    > 95 |     await expect(app.header.exportMenu).not.toBeVisible();
         |                                             ^
      96 |   });
      97 |
      98 |   test('Enter activates buttons', async ({ page }) => {
        at /Users/david.oliver/Documents/GitHub/bac4-standalone/e2e/tests/accessibility/keyboard-navigation.spec.ts:95:45

    attachment #1: screenshot (image/png) ──────────────────────────────────────────────────────────
    ../reports/test-results/accessibility-keyboard-nav-0d903-n-Escape-closes-export-menu-chromium/test-failed-1.png
    ────────────────────────────────────────────────────────────────────────────────────────────────

    attachment #2: video (video/webm) ──────────────────────────────────────────────────────────────
    ../reports/test-results/accessibility-keyboard-nav-0d903-n-Escape-closes-export-menu-chromium/video.webm
    ────────────────────────────────────────────────────────────────────────────────────────────────

    Error Context: ../reports/test-results/accessibility-keyboard-nav-0d903-n-Escape-closes-export-menu-chromium/error-context.md
]]>
</failure>
<system-out>
<![CDATA[
[[ATTACHMENT|../test-results/accessibility-keyboard-nav-0d903-n-Escape-closes-export-menu-chromium/test-failed-1.png]]

[[ATTACHMENT|../test-results/accessibility-keyboard-nav-0d903-n-Escape-closes-export-menu-chromium/video.webm]]

[[ATTACHMENT|../test-results/accessibility-keyboard-nav-0d903-n-Escape-closes-export-menu-chromium/error-context.md]]
]]>
</system-out>
</testcase>
<testcase name="Keyboard Navigation › Enter activates buttons" classname="accessibility/keyboard-navigation.spec.ts" time="0.911">
</testcase>
<testcase name="Keyboard Navigation › Space activates buttons" classname="accessibility/keyboard-navigation.spec.ts" time="0.793">
</testcase>
<testcase name="Keyboard Navigation › Properties panel inputs can be navigated with Tab" classname="accessibility/keyboard-navigation.spec.ts" time="1.472">
<failure message="keyboard-navigation.spec.ts:112:7 Properties panel inputs can be navigated with Tab" type="FAILURE">
<![CDATA[  [chromium] › accessibility/keyboard-navigation.spec.ts:112:7 › Keyboard Navigation › Properties panel inputs can be navigated with Tab 

    Error: expect(received).toBe(expected) // Object.is equality

    Expected: true
    Received: false

      129 |     });
      130 |
    > 131 |     expect(activeInPanel).toBe(true);
          |                           ^
      132 |   });
      133 |
      134 |   test('Title editing responds to Enter', async ({ page }) => {
        at /Users/david.oliver/Documents/GitHub/bac4-standalone/e2e/tests/accessibility/keyboard-navigation.spec.ts:131:27

    attachment #1: screenshot (image/png) ──────────────────────────────────────────────────────────
    ../reports/test-results/accessibility-keyboard-nav-cdb48-s-can-be-navigated-with-Tab-chromium/test-failed-1.png
    ────────────────────────────────────────────────────────────────────────────────────────────────

    attachment #2: video (video/webm) ──────────────────────────────────────────────────────────────
    ../reports/test-results/accessibility-keyboard-nav-cdb48-s-can-be-navigated-with-Tab-chromium/video.webm
    ────────────────────────────────────────────────────────────────────────────────────────────────

    Error Context: ../reports/test-results/accessibility-keyboard-nav-cdb48-s-can-be-navigated-with-Tab-chromium/error-context.md
]]>
</failure>
<system-out>
<![CDATA[
[[ATTACHMENT|../test-results/accessibility-keyboard-nav-cdb48-s-can-be-navigated-with-Tab-chromium/test-failed-1.png]]

[[ATTACHMENT|../test-results/accessibility-keyboard-nav-cdb48-s-can-be-navigated-with-Tab-chromium/video.webm]]

[[ATTACHMENT|../test-results/accessibility-keyboard-nav-cdb48-s-can-be-navigated-with-Tab-chromium/error-context.md]]
]]>
</system-out>
</testcase>
<testcase name="Keyboard Navigation › Title editing responds to Enter" classname="accessibility/keyboard-navigation.spec.ts" time="1.082">
</testcase>
<testcase name="Keyboard Navigation › Title editing responds to Escape" classname="accessibility/keyboard-navigation.spec.ts" time="0.894">
</testcase>
<testcase name="Keyboard Navigation › Focus indicators are visible" classname="accessibility/keyboard-navigation.spec.ts" time="0.802">
</testcase>
<testcase name="Keyboard Navigation › Clear all button can be activated with keyboard" classname="accessibility/keyboard-navigation.spec.ts" time="1.052">
<failure message="keyboard-navigation.spec.ts:177:7 Clear all button can be activated with keyboard" type="FAILURE">
<![CDATA[  [chromium] › accessibility/keyboard-navigation.spec.ts:177:7 › Keyboard Navigation › Clear all button can be activated with keyboard 

    Error: dialog.dismiss: Cannot dismiss dialog which is already handled!

      183 |     page.once('dialog', async (dialog) => {
      184 |       dialogShown = true;
    > 185 |       await dialog.dismiss();
          |                    ^
      186 |     });
      187 |
      188 |     await page.keyboard.press('Enter');
        at Page.<anonymous> (/Users/david.oliver/Documents/GitHub/bac4-standalone/e2e/tests/accessibility/keyboard-navigation.spec.ts:185:20)

    attachment #1: screenshot (image/png) ──────────────────────────────────────────────────────────
    ../reports/test-results/accessibility-keyboard-nav-a2289--be-activated-with-keyboard-chromium/test-failed-1.png
    ────────────────────────────────────────────────────────────────────────────────────────────────

    attachment #2: video (video/webm) ──────────────────────────────────────────────────────────────
    ../reports/test-results/accessibility-keyboard-nav-a2289--be-activated-with-keyboard-chromium/video.webm
    ────────────────────────────────────────────────────────────────────────────────────────────────

    Error Context: ../reports/test-results/accessibility-keyboard-nav-a2289--be-activated-with-keyboard-chromium/error-context.md
]]>
</failure>
<system-out>
<![CDATA[
[[ATTACHMENT|../test-results/accessibility-keyboard-nav-a2289--be-activated-with-keyboard-chromium/test-failed-1.png]]

[[ATTACHMENT|../test-results/accessibility-keyboard-nav-a2289--be-activated-with-keyboard-chromium/video.webm]]

[[ATTACHMENT|../test-results/accessibility-keyboard-nav-a2289--be-activated-with-keyboard-chromium/error-context.md]]
]]>
</system-out>
</testcase>
</testsuite>
<testsuite name="canvas/edge-creation.spec.ts" timestamp="2025-12-12T10:45:11.130Z" hostname="chromium" tests="11" failures="7" skipped="0" time="73.237" errors="0">
<testcase name="Edge/Relationship Creation › connecting nodes creates edge" classname="canvas/edge-creation.spec.ts" time="2.05">
<failure message="edge-creation.spec.ts:15:7 connecting nodes creates edge" type="FAILURE">
<![CDATA[  [chromium] › canvas/edge-creation.spec.ts:15:7 › Edge/Relationship Creation › connecting nodes creates edge 

    Error: expect(received).toBe(expected) // Object.is equality

    Expected: 1
    Received: 0

      21 |     await app.connectNodes(0, 1);
      22 |
    > 23 |     expect(await app.canvas.getEdgeCount()).toBe(1);
         |                                             ^
      24 |   });
      25 |
      26 |   test('created edge has default description', async ({ page }) => {
        at /Users/david.oliver/Documents/GitHub/bac4-standalone/e2e/tests/canvas/edge-creation.spec.ts:23:45

    attachment #1: screenshot (image/png) ──────────────────────────────────────────────────────────
    ../reports/test-results/canvas-edge-creation-Edge--55823-nnecting-nodes-creates-edge-chromium/test-failed-1.png
    ────────────────────────────────────────────────────────────────────────────────────────────────

    attachment #2: video (video/webm) ──────────────────────────────────────────────────────────────
    ../reports/test-results/canvas-edge-creation-Edge--55823-nnecting-nodes-creates-edge-chromium/video.webm
    ────────────────────────────────────────────────────────────────────────────────────────────────

    Error Context: ../reports/test-results/canvas-edge-creation-Edge--55823-nnecting-nodes-creates-edge-chromium/error-context.md
]]>
</failure>
<system-out>
<![CDATA[
[[ATTACHMENT|../test-results/canvas-edge-creation-Edge--55823-nnecting-nodes-creates-edge-chromium/test-failed-1.png]]

[[ATTACHMENT|../test-results/canvas-edge-creation-Edge--55823-nnecting-nodes-creates-edge-chromium/video.webm]]

[[ATTACHMENT|../test-results/canvas-edge-creation-Edge--55823-nnecting-nodes-creates-edge-chromium/error-context.md]]
]]>
</system-out>
</testcase>
<testcase name="Edge/Relationship Creation › created edge has default description" classname="canvas/edge-creation.spec.ts" time="12.191">
<failure message="edge-creation.spec.ts:26:7 created edge has default description" type="FAILURE">
<![CDATA[  [chromium] › canvas/edge-creation.spec.ts:26:7 › Edge/Relationship Creation › created edge has default description 

    TimeoutError: locator.click: Timeout 10000ms exceeded.
    Call log:
      - waiting for locator('.react-flow__edge').first()


       at ../pages/CanvasPage.ts:137

      135 |     // Click on the edge path or label
      136 |     const edge = this.getEdge(index);
    > 137 |     await edge.click();
          |                ^
      138 |     await this.wait(100);
      139 |   }
      140 |
        at CanvasPage.selectEdge (/Users/david.oliver/Documents/GitHub/bac4-standalone/e2e/pages/CanvasPage.ts:137:16)
        at /Users/david.oliver/Documents/GitHub/bac4-standalone/e2e/tests/canvas/edge-creation.spec.ts:32:22

    attachment #1: screenshot (image/png) ──────────────────────────────────────────────────────────
    ../reports/test-results/canvas-edge-creation-Edge--c19e2-dge-has-default-description-chromium/test-failed-1.png
    ────────────────────────────────────────────────────────────────────────────────────────────────

    attachment #2: video (video/webm) ──────────────────────────────────────────────────────────────
    ../reports/test-results/canvas-edge-creation-Edge--c19e2-dge-has-default-description-chromium/video.webm
    ────────────────────────────────────────────────────────────────────────────────────────────────

    Error Context: ../reports/test-results/canvas-edge-creation-Edge--c19e2-dge-has-default-description-chromium/error-context.md
]]>
</failure>
<system-out>
<![CDATA[
[[ATTACHMENT|../test-results/canvas-edge-creation-Edge--c19e2-dge-has-default-description-chromium/test-failed-1.png]]

[[ATTACHMENT|../test-results/canvas-edge-creation-Edge--c19e2-dge-has-default-description-chromium/video.webm]]

[[ATTACHMENT|../test-results/canvas-edge-creation-Edge--c19e2-dge-has-default-description-chromium/error-context.md]]
]]>
</system-out>
</testcase>
<testcase name="Edge/Relationship Creation › clicking edge selects it" classname="canvas/edge-creation.spec.ts" time="12.196">
<failure message="edge-creation.spec.ts:39:7 clicking edge selects it" type="FAILURE">
<![CDATA[  [chromium] › canvas/edge-creation.spec.ts:39:7 › Edge/Relationship Creation › clicking edge selects it 

    TimeoutError: locator.click: Timeout 10000ms exceeded.
    Call log:
      - waiting for locator('.react-flow__edge').first()


       at ../pages/CanvasPage.ts:137

      135 |     // Click on the edge path or label
      136 |     const edge = this.getEdge(index);
    > 137 |     await edge.click();
          |                ^
      138 |     await this.wait(100);
      139 |   }
      140 |
        at CanvasPage.selectEdge (/Users/david.oliver/Documents/GitHub/bac4-standalone/e2e/pages/CanvasPage.ts:137:16)
        at /Users/david.oliver/Documents/GitHub/bac4-standalone/e2e/tests/canvas/edge-creation.spec.ts:44:22

    attachment #1: screenshot (image/png) ──────────────────────────────────────────────────────────
    ../reports/test-results/canvas-edge-creation-Edge--dfb55-on-clicking-edge-selects-it-chromium/test-failed-1.png
    ────────────────────────────────────────────────────────────────────────────────────────────────

    attachment #2: video (video/webm) ──────────────────────────────────────────────────────────────
    ../reports/test-results/canvas-edge-creation-Edge--dfb55-on-clicking-edge-selects-it-chromium/video.webm
    ────────────────────────────────────────────────────────────────────────────────────────────────

    Error Context: ../reports/test-results/canvas-edge-creation-Edge--dfb55-on-clicking-edge-selects-it-chromium/error-context.md
]]>
</failure>
<system-out>
<![CDATA[
[[ATTACHMENT|../test-results/canvas-edge-creation-Edge--dfb55-on-clicking-edge-selects-it-chromium/test-failed-1.png]]

[[ATTACHMENT|../test-results/canvas-edge-creation-Edge--dfb55-on-clicking-edge-selects-it-chromium/video.webm]]

[[ATTACHMENT|../test-results/canvas-edge-creation-Edge--dfb55-on-clicking-edge-selects-it-chromium/error-context.md]]
]]>
</system-out>
</testcase>
<testcase name="Edge/Relationship Creation › edge appears with arrow marker" classname="canvas/edge-creation.spec.ts" time="12.281">
<failure message="edge-creation.spec.ts:49:7 edge appears with arrow marker" type="FAILURE">
<![CDATA[  [chromium] › canvas/edge-creation.spec.ts:49:7 › Edge/Relationship Creation › edge appears with arrow marker 

    TimeoutError: locator.getAttribute: Timeout 10000ms exceeded.
    Call log:
      - waiting for locator('.react-flow__edge').first()


       at ../helpers/canvas-helpers.ts:82

      80 | export async function getEdgeInfo(page: Page, edgeIndex: number): Promise<EdgeInfo> {
      81 |   const edge = page.locator('.react-flow__edge').nth(edgeIndex);
    > 82 |   const dataId = await edge.getAttribute('data-id');
         |                             ^
      83 |
      84 |   // Get label
      85 |   const labelElement = edge.locator('.react-flow__edge-text, .react-flow__edge-textbg');
        at getEdgeInfo (/Users/david.oliver/Documents/GitHub/bac4-standalone/e2e/helpers/canvas-helpers.ts:82:29)
        at /Users/david.oliver/Documents/GitHub/bac4-standalone/e2e/tests/canvas/edge-creation.spec.ts:54:39

    attachment #1: screenshot (image/png) ──────────────────────────────────────────────────────────
    ../reports/test-results/canvas-edge-creation-Edge--9e623-e-appears-with-arrow-marker-chromium/test-failed-1.png
    ────────────────────────────────────────────────────────────────────────────────────────────────

    attachment #2: video (video/webm) ──────────────────────────────────────────────────────────────
    ../reports/test-results/canvas-edge-creation-Edge--9e623-e-appears-with-arrow-marker-chromium/video.webm
    ────────────────────────────────────────────────────────────────────────────────────────────────

    Error Context: ../reports/test-results/canvas-edge-creation-Edge--9e623-e-appears-with-arrow-marker-chromium/error-context.md
]]>
</failure>
<system-out>
<![CDATA[
[[ATTACHMENT|../test-results/canvas-edge-creation-Edge--9e623-e-appears-with-arrow-marker-chromium/test-failed-1.png]]

[[ATTACHMENT|../test-results/canvas-edge-creation-Edge--9e623-e-appears-with-arrow-marker-chromium/video.webm]]

[[ATTACHMENT|../test-results/canvas-edge-creation-Edge--9e623-e-appears-with-arrow-marker-chromium/error-context.md]]
]]>
</system-out>
</testcase>
<testcase name="Edge/Relationship Creation › multiple edges can be created" classname="canvas/edge-creation.spec.ts" time="2.565">
<failure message="edge-creation.spec.ts:59:7 multiple edges can be created" type="FAILURE">
<![CDATA[  [chromium] › canvas/edge-creation.spec.ts:59:7 › Edge/Relationship Creation › multiple edges can be created 

    Error: expect(received).toBe(expected) // Object.is equality

    Expected: 2
    Received: 1

      65 |     await app.connectNodes(1, 2);
      66 |
    > 67 |     expect(await app.canvas.getEdgeCount()).toBe(2);
         |                                             ^
      68 |   });
      69 |
      70 |   test('edge can connect in reverse direction', async () => {
        at /Users/david.oliver/Documents/GitHub/bac4-standalone/e2e/tests/canvas/edge-creation.spec.ts:67:45

    attachment #1: screenshot (image/png) ──────────────────────────────────────────────────────────
    ../reports/test-results/canvas-edge-creation-Edge--65747-ltiple-edges-can-be-created-chromium/test-failed-1.png
    ────────────────────────────────────────────────────────────────────────────────────────────────

    attachment #2: video (video/webm) ──────────────────────────────────────────────────────────────
    ../reports/test-results/canvas-edge-creation-Edge--65747-ltiple-edges-can-be-created-chromium/video.webm
    ────────────────────────────────────────────────────────────────────────────────────────────────

    Error Context: ../reports/test-results/canvas-edge-creation-Edge--65747-ltiple-edges-can-be-created-chromium/error-context.md
]]>
</failure>
<system-out>
<![CDATA[
[[ATTACHMENT|../test-results/canvas-edge-creation-Edge--65747-ltiple-edges-can-be-created-chromium/test-failed-1.png]]

[[ATTACHMENT|../test-results/canvas-edge-creation-Edge--65747-ltiple-edges-can-be-created-chromium/video.webm]]

[[ATTACHMENT|../test-results/canvas-edge-creation-Edge--65747-ltiple-edges-can-be-created-chromium/error-context.md]]
]]>
</system-out>
</testcase>
<testcase name="Edge/Relationship Creation › edge can connect in reverse direction" classname="canvas/edge-creation.spec.ts" time="1.757">
</testcase>
<testcase name="Edge/Relationship Creation › edges are exported correctly" classname="canvas/edge-creation.spec.ts" time="1.814">
</testcase>
<testcase name="Edge/Relationship Creation › edge persists after deselection" classname="canvas/edge-creation.spec.ts" time="12">
<failure message="edge-creation.spec.ts:94:7 edge persists after deselection" type="FAILURE">
<![CDATA[  [chromium] › canvas/edge-creation.spec.ts:94:7 › Edge/Relationship Creation › edge persists after deselection 

    TimeoutError: locator.click: Timeout 10000ms exceeded.
    Call log:
      - waiting for locator('.react-flow__edge').first()


       at ../pages/CanvasPage.ts:137

      135 |     // Click on the edge path or label
      136 |     const edge = this.getEdge(index);
    > 137 |     await edge.click();
          |                ^
      138 |     await this.wait(100);
      139 |   }
      140 |
        at CanvasPage.selectEdge (/Users/david.oliver/Documents/GitHub/bac4-standalone/e2e/pages/CanvasPage.ts:137:16)
        at /Users/david.oliver/Documents/GitHub/bac4-standalone/e2e/tests/canvas/edge-creation.spec.ts:99:22

    attachment #1: screenshot (image/png) ──────────────────────────────────────────────────────────
    ../reports/test-results/canvas-edge-creation-Edge--2cb60--persists-after-deselection-chromium/test-failed-1.png
    ────────────────────────────────────────────────────────────────────────────────────────────────

    attachment #2: video (video/webm) ──────────────────────────────────────────────────────────────
    ../reports/test-results/canvas-edge-creation-Edge--2cb60--persists-after-deselection-chromium/video.webm
    ────────────────────────────────────────────────────────────────────────────────────────────────

    Error Context: ../reports/test-results/canvas-edge-creation-Edge--2cb60--persists-after-deselection-chromium/error-context.md
]]>
</failure>
<system-out>
<![CDATA[
[[ATTACHMENT|../test-results/canvas-edge-creation-Edge--2cb60--persists-after-deselection-chromium/test-failed-1.png]]

[[ATTACHMENT|../test-results/canvas-edge-creation-Edge--2cb60--persists-after-deselection-chromium/video.webm]]

[[ATTACHMENT|../test-results/canvas-edge-creation-Edge--2cb60--persists-after-deselection-chromium/error-context.md]]
]]>
</system-out>
</testcase>
<testcase name="Edge/Relationship Creation › edge connects correct source and target" classname="canvas/edge-creation.spec.ts" time="1.831">
</testcase>
<testcase name="Edge/Relationship Creation › edge label is visible" classname="canvas/edge-creation.spec.ts" time="11.953">
<failure message="edge-creation.spec.ts:126:7 edge label is visible" type="FAILURE">
<![CDATA[  [chromium] › canvas/edge-creation.spec.ts:126:7 › Edge/Relationship Creation › edge label is visible 

    TimeoutError: locator.textContent: Timeout 10000ms exceeded.
    Call log:
      - waiting for locator('.react-flow__edge-text').first()


       at ../pages/CanvasPage.ts:185

      183 |   async getEdgeLabel(index: number): Promise<string> {
      184 |     const label = this.edgeLabels.nth(index);
    > 185 |     return await label.textContent() || '';
          |                        ^
      186 |   }
      187 |
      188 |   // ==================== Selection Methods ====================
        at CanvasPage.getEdgeLabel (/Users/david.oliver/Documents/GitHub/bac4-standalone/e2e/pages/CanvasPage.ts:185:24)
        at /Users/david.oliver/Documents/GitHub/bac4-standalone/e2e/tests/canvas/edge-creation.spec.ts:131:36

    attachment #1: screenshot (image/png) ──────────────────────────────────────────────────────────
    ../reports/test-results/canvas-edge-creation-Edge--a8d6b-ation-edge-label-is-visible-chromium/test-failed-1.png
    ────────────────────────────────────────────────────────────────────────────────────────────────

    attachment #2: video (video/webm) ──────────────────────────────────────────────────────────────
    ../reports/test-results/canvas-edge-creation-Edge--a8d6b-ation-edge-label-is-visible-chromium/video.webm
    ────────────────────────────────────────────────────────────────────────────────────────────────

    Error Context: ../reports/test-results/canvas-edge-creation-Edge--a8d6b-ation-edge-label-is-visible-chromium/error-context.md
]]>
</failure>
<system-out>
<![CDATA[
[[ATTACHMENT|../test-results/canvas-edge-creation-Edge--a8d6b-ation-edge-label-is-visible-chromium/test-failed-1.png]]

[[ATTACHMENT|../test-results/canvas-edge-creation-Edge--a8d6b-ation-edge-label-is-visible-chromium/video.webm]]

[[ATTACHMENT|../test-results/canvas-edge-creation-Edge--a8d6b-ation-edge-label-is-visible-chromium/error-context.md]]
]]>
</system-out>
</testcase>
<testcase name="Edge/Relationship Creation › edges have unique IDs" classname="canvas/edge-creation.spec.ts" time="2.599">
</testcase>
</testsuite>
<testsuite name="canvas/node-interactions.spec.ts" timestamp="2025-12-12T10:45:11.130Z" hostname="chromium" tests="12" failures="5" skipped="0" time="14.842" errors="0">
<testcase name="Node Interactions › clicking node selects it" classname="canvas/node-interactions.spec.ts" time="1.18">
</testcase>
<testcase name="Node Interactions › selected node shows selection ring" classname="canvas/node-interactions.spec.ts" time="1.172">
<failure message="node-interactions.spec.ts:22:7 selected node shows selection ring" type="FAILURE">
<![CDATA[  [chromium] › canvas/node-interactions.spec.ts:22:7 › Node Interactions › selected node shows selection ring 

    Error: expect(received).toMatch(expected)

    Expected pattern: /ring/
    Received string:  "react-flow__node react-flow__node-c4Node nopan selected selectable draggable"

      27 |     // Node should have ring class for selection
      28 |     const classes = await node.getAttribute('class');
    > 29 |     expect(classes).toMatch(/ring/);
         |                     ^
      30 |   });
      31 |
      32 |   test('selecting node opens properties panel', async () => {
        at /Users/david.oliver/Documents/GitHub/bac4-standalone/e2e/tests/canvas/node-interactions.spec.ts:29:21

    attachment #1: screenshot (image/png) ──────────────────────────────────────────────────────────
    ../reports/test-results/canvas-node-interactions-N-649f8-d-node-shows-selection-ring-chromium/test-failed-1.png
    ────────────────────────────────────────────────────────────────────────────────────────────────

    attachment #2: video (video/webm) ──────────────────────────────────────────────────────────────
    ../reports/test-results/canvas-node-interactions-N-649f8-d-node-shows-selection-ring-chromium/video.webm
    ────────────────────────────────────────────────────────────────────────────────────────────────

    Error Context: ../reports/test-results/canvas-node-interactions-N-649f8-d-node-shows-selection-ring-chromium/error-context.md
]]>
</failure>
<system-out>
<![CDATA[
[[ATTACHMENT|../test-results/canvas-node-interactions-N-649f8-d-node-shows-selection-ring-chromium/test-failed-1.png]]

[[ATTACHMENT|../test-results/canvas-node-interactions-N-649f8-d-node-shows-selection-ring-chromium/video.webm]]

[[ATTACHMENT|../test-results/canvas-node-interactions-N-649f8-d-node-shows-selection-ring-chromium/error-context.md]]
]]>
</system-out>
</testcase>
<testcase name="Node Interactions › selecting node opens properties panel" classname="canvas/node-interactions.spec.ts" time="1.056">
</testcase>
<testcase name="Node Interactions › clicking different node changes selection" classname="canvas/node-interactions.spec.ts" time="1.492">
</testcase>
<testcase name="Node Interactions › dragging node updates position" classname="canvas/node-interactions.spec.ts" time="1.217">
<failure message="node-interactions.spec.ts:53:7 dragging node updates position" type="FAILURE">
<![CDATA[  [chromium] › canvas/node-interactions.spec.ts:53:7 › Node Interactions › dragging node updates position 

    Error: expect(received).not.toBe(expected) // Object.is equality

    Expected: not 728

      61 |
      62 |     // Position should have changed
    > 63 |     expect(afterInfo.position.x).not.toBe(initialInfo.position.x);
         |                                      ^
      64 |     expect(afterInfo.position.y).not.toBe(initialInfo.position.y);
      65 |   });
      66 |
        at /Users/david.oliver/Documents/GitHub/bac4-standalone/e2e/tests/canvas/node-interactions.spec.ts:63:38

    attachment #1: screenshot (image/png) ──────────────────────────────────────────────────────────
    ../reports/test-results/canvas-node-interactions-N-d538f-gging-node-updates-position-chromium/test-failed-1.png
    ────────────────────────────────────────────────────────────────────────────────────────────────

    attachment #2: video (video/webm) ──────────────────────────────────────────────────────────────
    ../reports/test-results/canvas-node-interactions-N-d538f-gging-node-updates-position-chromium/video.webm
    ────────────────────────────────────────────────────────────────────────────────────────────────

    Error Context: ../reports/test-results/canvas-node-interactions-N-d538f-gging-node-updates-position-chromium/error-context.md
]]>
</failure>
<system-out>
<![CDATA[
[[ATTACHMENT|../test-results/canvas-node-interactions-N-d538f-gging-node-updates-position-chromium/test-failed-1.png]]

[[ATTACHMENT|../test-results/canvas-node-interactions-N-d538f-gging-node-updates-position-chromium/video.webm]]

[[ATTACHMENT|../test-results/canvas-node-interactions-N-d538f-gging-node-updates-position-chromium/error-context.md]]
]]>
</system-out>
</testcase>
<testcase name="Node Interactions › dragged position persists in export" classname="canvas/node-interactions.spec.ts" time="1.226">
<failure message="node-interactions.spec.ts:67:7 dragged position persists in export" type="FAILURE">
<![CDATA[  [chromium] › canvas/node-interactions.spec.ts:67:7 › Node Interactions › dragged position persists in export 

    Error: expect(received).toBeGreaterThan(expected)

    Expected: > 400
    Received:   300

      74 |     // Position should be near the dragged position
      75 |     const pos = model.systems[0].position;
    > 76 |     expect(pos.x).toBeGreaterThan(400);
         |                   ^
      77 |     expect(pos.y).toBeGreaterThan(300);
      78 |   });
      79 |
        at /Users/david.oliver/Documents/GitHub/bac4-standalone/e2e/tests/canvas/node-interactions.spec.ts:76:19

    attachment #1: screenshot (image/png) ──────────────────────────────────────────────────────────
    ../reports/test-results/canvas-node-interactions-N-4e143-position-persists-in-export-chromium/test-failed-1.png
    ────────────────────────────────────────────────────────────────────────────────────────────────

    attachment #2: video (video/webm) ──────────────────────────────────────────────────────────────
    ../reports/test-results/canvas-node-interactions-N-4e143-position-persists-in-export-chromium/video.webm
    ────────────────────────────────────────────────────────────────────────────────────────────────

    Error Context: ../reports/test-results/canvas-node-interactions-N-4e143-position-persists-in-export-chromium/error-context.md
]]>
</failure>
<system-out>
<![CDATA[
[[ATTACHMENT|../test-results/canvas-node-interactions-N-4e143-position-persists-in-export-chromium/test-failed-1.png]]

[[ATTACHMENT|../test-results/canvas-node-interactions-N-4e143-position-persists-in-export-chromium/video.webm]]

[[ATTACHMENT|../test-results/canvas-node-interactions-N-4e143-position-persists-in-export-chromium/error-context.md]]
]]>
</system-out>
</testcase>
<testcase name="Node Interactions › node displays correct type label" classname="canvas/node-interactions.spec.ts" time="1.029">
</testcase>
<testcase name="Node Interactions › node displays name" classname="canvas/node-interactions.spec.ts" time="1.21">
<failure message="node-interactions.spec.ts:90:7 node displays name" type="FAILURE">
<![CDATA[  [chromium] › canvas/node-interactions.spec.ts:90:7 › Node Interactions › node displays name ──────

    Error: expect(received).toContain(expected) // indexOf

    Expected substring: "New"
    Received string:    "Software System"

      93 |     const labels = await app.canvas.getAllNodeLabels();
      94 |     expect(labels.length).toBe(1);
    > 95 |     expect(labels[0]).toContain('New');
         |                       ^
      96 |   });
      97 |
      98 |   test('different element types have different colors', async ({ page }) => {
        at /Users/david.oliver/Documents/GitHub/bac4-standalone/e2e/tests/canvas/node-interactions.spec.ts:95:23

    attachment #1: screenshot (image/png) ──────────────────────────────────────────────────────────
    ../reports/test-results/canvas-node-interactions-N-67aa2-ractions-node-displays-name-chromium/test-failed-1.png
    ────────────────────────────────────────────────────────────────────────────────────────────────

    attachment #2: video (video/webm) ──────────────────────────────────────────────────────────────
    ../reports/test-results/canvas-node-interactions-N-67aa2-ractions-node-displays-name-chromium/video.webm
    ────────────────────────────────────────────────────────────────────────────────────────────────

    Error Context: ../reports/test-results/canvas-node-interactions-N-67aa2-ractions-node-displays-name-chromium/error-context.md
]]>
</failure>
<system-out>
<![CDATA[
[[ATTACHMENT|../test-results/canvas-node-interactions-N-67aa2-ractions-node-displays-name-chromium/test-failed-1.png]]

[[ATTACHMENT|../test-results/canvas-node-interactions-N-67aa2-ractions-node-displays-name-chromium/video.webm]]

[[ATTACHMENT|../test-results/canvas-node-interactions-N-67aa2-ractions-node-displays-name-chromium/error-context.md]]
]]>
</system-out>
</testcase>
<testcase name="Node Interactions › different element types have different colors" classname="canvas/node-interactions.spec.ts" time="1.629">
<failure message="node-interactions.spec.ts:98:7 different element types have different colors" type="FAILURE">
<![CDATA[  [chromium] › canvas/node-interactions.spec.ts:98:7 › Node Interactions › different element types have different colors 

    Error: expect(received).toContain(expected) // indexOf

    Expected value: "system"
    Received array: ["unknown", "unknown", "unknown"]

      105 |     // Each should have a different type detected via color
      106 |     const types = nodes.map((n) => n.type);
    > 107 |     expect(types).toContain('system');
          |                   ^
      108 |     expect(types).toContain('person');
      109 |     expect(types).toContain('externalSystem');
      110 |   });
        at /Users/david.oliver/Documents/GitHub/bac4-standalone/e2e/tests/canvas/node-interactions.spec.ts:107:19

    attachment #1: screenshot (image/png) ──────────────────────────────────────────────────────────
    ../reports/test-results/canvas-node-interactions-N-4e988-types-have-different-colors-chromium/test-failed-1.png
    ────────────────────────────────────────────────────────────────────────────────────────────────

    attachment #2: video (video/webm) ──────────────────────────────────────────────────────────────
    ../reports/test-results/canvas-node-interactions-N-4e988-types-have-different-colors-chromium/video.webm
    ────────────────────────────────────────────────────────────────────────────────────────────────

    Error Context: ../reports/test-results/canvas-node-interactions-N-4e988-types-have-different-colors-chromium/error-context.md
]]>
</failure>
<system-out>
<![CDATA[
[[ATTACHMENT|../test-results/canvas-node-interactions-N-4e988-types-have-different-colors-chromium/test-failed-1.png]]

[[ATTACHMENT|../test-results/canvas-node-interactions-N-4e988-types-have-different-colors-chromium/video.webm]]

[[ATTACHMENT|../test-results/canvas-node-interactions-N-4e988-types-have-different-colors-chromium/error-context.md]]
]]>
</system-out>
</testcase>
<testcase name="Node Interactions › node shows technology when set" classname="canvas/node-interactions.spec.ts" time="1.385">
</testcase>
<testcase name="Node Interactions › clicking empty canvas deselects all" classname="canvas/node-interactions.spec.ts" time="1.25">
</testcase>
<testcase name="Node Interactions › node has connection handles" classname="canvas/node-interactions.spec.ts" time="0.996">
</testcase>
</testsuite>
<testsuite name="canvas/pan-zoom.spec.ts" timestamp="2025-12-12T10:45:11.130Z" hostname="chromium" tests="11" failures="1" skipped="0" time="22.142" errors="0">
<testcase name="Canvas Pan and Zoom › zoom controls are visible" classname="canvas/pan-zoom.spec.ts" time="0.777">
</testcase>
<testcase name="Canvas Pan and Zoom › zoom in button increases zoom level" classname="canvas/pan-zoom.spec.ts" time="1.051">
</testcase>
<testcase name="Canvas Pan and Zoom › zoom out button decreases zoom level" classname="canvas/pan-zoom.spec.ts" time="1.368">
</testcase>
<testcase name="Canvas Pan and Zoom › mouse wheel zooms canvas" classname="canvas/pan-zoom.spec.ts" time="1.099">
</testcase>
<testcase name="Canvas Pan and Zoom › fit view button fits all elements" classname="canvas/pan-zoom.spec.ts" time="1.534">
</testcase>
<testcase name="Canvas Pan and Zoom › dragging background pans canvas" classname="canvas/pan-zoom.spec.ts" time="1.055">
</testcase>
<testcase name="Canvas Pan and Zoom › pan does not create elements" classname="canvas/pan-zoom.spec.ts" time="1.106">
</testcase>
<testcase name="Canvas Pan and Zoom › minimap is visible" classname="canvas/pan-zoom.spec.ts" time="0.754">
</testcase>
<testcase name="Canvas Pan and Zoom › controls work after zoom" classname="canvas/pan-zoom.spec.ts" time="1.339">
</testcase>
<testcase name="Canvas Pan and Zoom › zoom has limits" classname="canvas/pan-zoom.spec.ts" time="11.344">
<failure message="pan-zoom.spec.ts:112:7 zoom has limits" type="FAILURE">
<![CDATA[  [chromium] › canvas/pan-zoom.spec.ts:112:7 › Canvas Pan and Zoom › zoom has limits ───────────────

    TimeoutError: locator.click: Timeout 10000ms exceeded.
    Call log:
      - waiting for locator('.react-flow__controls-zoomin')
        - locator resolved to <button disabled type="button" title="Zoom In" aria-label="Zoom In" class="react-flow__controls-button react-flow__controls-zoomin">…</button>
      - attempting click action
        2 × waiting for element to be visible, enabled and stable
          - element is not enabled
        - retrying click action
        - waiting 20ms
        2 × waiting for element to be visible, enabled and stable
          - element is not enabled
        - retrying click action
          - waiting 100ms
        19 × waiting for element to be visible, enabled and stable
           - element is not enabled
         - retrying click action
           - waiting 500ms


       at ../pages/CanvasPage.ts:209

      207 |   async zoomIn(times: number = 1): Promise<void> {
      208 |     for (let i = 0; i < times; i++) {
    > 209 |       await this.zoomInButton.click();
          |                               ^
      210 |       await this.wait(100);
      211 |     }
      212 |   }
        at CanvasPage.zoomIn (/Users/david.oliver/Documents/GitHub/bac4-standalone/e2e/pages/CanvasPage.ts:209:31)
        at /Users/david.oliver/Documents/GitHub/bac4-standalone/e2e/tests/canvas/pan-zoom.spec.ts:115:24

    attachment #1: screenshot (image/png) ──────────────────────────────────────────────────────────
    ../reports/test-results/canvas-pan-zoom-Canvas-Pan-and-Zoom-zoom-has-limits-chromium/test-failed-1.png
    ────────────────────────────────────────────────────────────────────────────────────────────────

    attachment #2: video (video/webm) ──────────────────────────────────────────────────────────────
    ../reports/test-results/canvas-pan-zoom-Canvas-Pan-and-Zoom-zoom-has-limits-chromium/video.webm
    ────────────────────────────────────────────────────────────────────────────────────────────────

    Error Context: ../reports/test-results/canvas-pan-zoom-Canvas-Pan-and-Zoom-zoom-has-limits-chromium/error-context.md
]]>
</failure>
<system-out>
<![CDATA[
[[ATTACHMENT|../test-results/canvas-pan-zoom-Canvas-Pan-and-Zoom-zoom-has-limits-chromium/test-failed-1.png]]

[[ATTACHMENT|../test-results/canvas-pan-zoom-Canvas-Pan-and-Zoom-zoom-has-limits-chromium/video.webm]]

[[ATTACHMENT|../test-results/canvas-pan-zoom-Canvas-Pan-and-Zoom-zoom-has-limits-chromium/error-context.md]]
]]>
</system-out>
</testcase>
<testcase name="Canvas Pan and Zoom › background grid is visible" classname="canvas/pan-zoom.spec.ts" time="0.715">
</testcase>
</testsuite>
<testsuite name="canvas/selection.spec.ts" timestamp="2025-12-12T10:45:11.130Z" hostname="chromium" tests="11" failures="5" skipped="0" time="66.763" errors="0">
<testcase name="Selection Behavior › initially nothing is selected" classname="canvas/selection.spec.ts" time="0.74">
</testcase>
<testcase name="Selection Behavior › clicking node shows element properties" classname="canvas/selection.spec.ts" time="1.116">
</testcase>
<testcase name="Selection Behavior › clicking edge shows relationship properties" classname="canvas/selection.spec.ts" time="12.011">
<failure message="selection.spec.ts:26:7 clicking edge shows relationship properties" type="FAILURE">
<![CDATA[  [chromium] › canvas/selection.spec.ts:26:7 › Selection Behavior › clicking edge shows relationship properties 

    TimeoutError: locator.click: Timeout 10000ms exceeded.
    Call log:
      - waiting for locator('.react-flow__edge').first()


       at ../pages/CanvasPage.ts:137

      135 |     // Click on the edge path or label
      136 |     const edge = this.getEdge(index);
    > 137 |     await edge.click();
          |                ^
      138 |     await this.wait(100);
      139 |   }
      140 |
        at CanvasPage.selectEdge (/Users/david.oliver/Documents/GitHub/bac4-standalone/e2e/pages/CanvasPage.ts:137:16)
        at /Users/david.oliver/Documents/GitHub/bac4-standalone/e2e/tests/canvas/selection.spec.ts:31:22

    attachment #1: screenshot (image/png) ──────────────────────────────────────────────────────────
    ../reports/test-results/canvas-selection-Selection-a0a4d-ows-relationship-properties-chromium/test-failed-1.png
    ────────────────────────────────────────────────────────────────────────────────────────────────

    attachment #2: video (video/webm) ──────────────────────────────────────────────────────────────
    ../reports/test-results/canvas-selection-Selection-a0a4d-ows-relationship-properties-chromium/video.webm
    ────────────────────────────────────────────────────────────────────────────────────────────────

    Error Context: ../reports/test-results/canvas-selection-Selection-a0a4d-ows-relationship-properties-chromium/error-context.md
]]>
</failure>
<system-out>
<![CDATA[
[[ATTACHMENT|../test-results/canvas-selection-Selection-a0a4d-ows-relationship-properties-chromium/test-failed-1.png]]

[[ATTACHMENT|../test-results/canvas-selection-Selection-a0a4d-ows-relationship-properties-chromium/video.webm]]

[[ATTACHMENT|../test-results/canvas-selection-Selection-a0a4d-ows-relationship-properties-chromium/error-context.md]]
]]>
</system-out>
</testcase>
<testcase name="Selection Behavior › selecting node while edge is selected switches to element" classname="canvas/selection.spec.ts" time="11.97">
<failure message="selection.spec.ts:37:7 selecting node while edge is selected switches to element" type="FAILURE">
<![CDATA[  [chromium] › canvas/selection.spec.ts:37:7 › Selection Behavior › selecting node while edge is selected switches to element 

    TimeoutError: locator.click: Timeout 10000ms exceeded.
    Call log:
      - waiting for locator('.react-flow__edge').first()


       at ../pages/CanvasPage.ts:137

      135 |     // Click on the edge path or label
      136 |     const edge = this.getEdge(index);
    > 137 |     await edge.click();
          |                ^
      138 |     await this.wait(100);
      139 |   }
      140 |
        at CanvasPage.selectEdge (/Users/david.oliver/Documents/GitHub/bac4-standalone/e2e/pages/CanvasPage.ts:137:16)
        at /Users/david.oliver/Documents/GitHub/bac4-standalone/e2e/tests/canvas/selection.spec.ts:43:22

    attachment #1: screenshot (image/png) ──────────────────────────────────────────────────────────
    ../reports/test-results/canvas-selection-Selection-db982-elected-switches-to-element-chromium/test-failed-1.png
    ────────────────────────────────────────────────────────────────────────────────────────────────

    attachment #2: video (video/webm) ──────────────────────────────────────────────────────────────
    ../reports/test-results/canvas-selection-Selection-db982-elected-switches-to-element-chromium/video.webm
    ────────────────────────────────────────────────────────────────────────────────────────────────

    Error Context: ../reports/test-results/canvas-selection-Selection-db982-elected-switches-to-element-chromium/error-context.md
]]>
</failure>
<system-out>
<![CDATA[
[[ATTACHMENT|../test-results/canvas-selection-Selection-db982-elected-switches-to-element-chromium/test-failed-1.png]]

[[ATTACHMENT|../test-results/canvas-selection-Selection-db982-elected-switches-to-element-chromium/video.webm]]

[[ATTACHMENT|../test-results/canvas-selection-Selection-db982-elected-switches-to-element-chromium/error-context.md]]
]]>
</system-out>
</testcase>
<testcase name="Selection Behavior › selecting edge while node is selected switches to relationship" classname="canvas/selection.spec.ts" time="12.096">
<failure message="selection.spec.ts:51:7 selecting edge while node is selected switches to relationship" type="FAILURE">
<![CDATA[  [chromium] › canvas/selection.spec.ts:51:7 › Selection Behavior › selecting edge while node is selected switches to relationship 

    TimeoutError: locator.click: Timeout 10000ms exceeded.
    Call log:
      - waiting for locator('.react-flow__edge').first()


       at ../pages/CanvasPage.ts:137

      135 |     // Click on the edge path or label
      136 |     const edge = this.getEdge(index);
    > 137 |     await edge.click();
          |                ^
      138 |     await this.wait(100);
      139 |   }
      140 |
        at CanvasPage.selectEdge (/Users/david.oliver/Documents/GitHub/bac4-standalone/e2e/pages/CanvasPage.ts:137:16)
        at /Users/david.oliver/Documents/GitHub/bac4-standalone/e2e/tests/canvas/selection.spec.ts:61:22

    attachment #1: screenshot (image/png) ──────────────────────────────────────────────────────────
    ../reports/test-results/canvas-selection-Selection-1643a-ed-switches-to-relationship-chromium/test-failed-1.png
    ────────────────────────────────────────────────────────────────────────────────────────────────

    attachment #2: video (video/webm) ──────────────────────────────────────────────────────────────
    ../reports/test-results/canvas-selection-Selection-1643a-ed-switches-to-relationship-chromium/video.webm
    ────────────────────────────────────────────────────────────────────────────────────────────────

    Error Context: ../reports/test-results/canvas-selection-Selection-1643a-ed-switches-to-relationship-chromium/error-context.md
]]>
</failure>
<system-out>
<![CDATA[
[[ATTACHMENT|../test-results/canvas-selection-Selection-1643a-ed-switches-to-relationship-chromium/test-failed-1.png]]

[[ATTACHMENT|../test-results/canvas-selection-Selection-1643a-ed-switches-to-relationship-chromium/video.webm]]

[[ATTACHMENT|../test-results/canvas-selection-Selection-1643a-ed-switches-to-relationship-chromium/error-context.md]]
]]>
</system-out>
</testcase>
<testcase name="Selection Behavior › clicking canvas deselects node" classname="canvas/selection.spec.ts" time="1.219">
</testcase>
<testcase name="Selection Behavior › clicking canvas deselects edge" classname="canvas/selection.spec.ts" time="11.952">
<failure message="selection.spec.ts:76:7 clicking canvas deselects edge" type="FAILURE">
<![CDATA[  [chromium] › canvas/selection.spec.ts:76:7 › Selection Behavior › clicking canvas deselects edge ─

    TimeoutError: locator.click: Timeout 10000ms exceeded.
    Call log:
      - waiting for locator('.react-flow__edge').first()


       at ../pages/CanvasPage.ts:137

      135 |     // Click on the edge path or label
      136 |     const edge = this.getEdge(index);
    > 137 |     await edge.click();
          |                ^
      138 |     await this.wait(100);
      139 |   }
      140 |
        at CanvasPage.selectEdge (/Users/david.oliver/Documents/GitHub/bac4-standalone/e2e/pages/CanvasPage.ts:137:16)
        at /Users/david.oliver/Documents/GitHub/bac4-standalone/e2e/tests/canvas/selection.spec.ts:81:22

    attachment #1: screenshot (image/png) ──────────────────────────────────────────────────────────
    ../reports/test-results/canvas-selection-Selection-c6b69-cking-canvas-deselects-edge-chromium/test-failed-1.png
    ────────────────────────────────────────────────────────────────────────────────────────────────

    attachment #2: video (video/webm) ──────────────────────────────────────────────────────────────
    ../reports/test-results/canvas-selection-Selection-c6b69-cking-canvas-deselects-edge-chromium/video.webm
    ────────────────────────────────────────────────────────────────────────────────────────────────

    Error Context: ../reports/test-results/canvas-selection-Selection-c6b69-cking-canvas-deselects-edge-chromium/error-context.md
]]>
</failure>
<system-out>
<![CDATA[
[[ATTACHMENT|../test-results/canvas-selection-Selection-c6b69-cking-canvas-deselects-edge-chromium/test-failed-1.png]]

[[ATTACHMENT|../test-results/canvas-selection-Selection-c6b69-cking-canvas-deselects-edge-chromium/video.webm]]

[[ATTACHMENT|../test-results/canvas-selection-Selection-c6b69-cking-canvas-deselects-edge-chromium/error-context.md]]
]]>
</system-out>
</testcase>
<testcase name="Selection Behavior › selection persists while editing properties" classname="canvas/selection.spec.ts" time="1.244">
</testcase>
<testcase name="Selection Behavior › selecting new node deselects previous" classname="canvas/selection.spec.ts" time="1.482">
</testcase>
<testcase name="Selection Behavior › close button in properties panel deselects" classname="canvas/selection.spec.ts" time="1.261">
</testcase>
<testcase name="Selection Behavior › only one element can be selected at a time" classname="canvas/selection.spec.ts" time="11.672">
<failure message="selection.spec.ts:125:7 only one element can be selected at a time" type="FAILURE">
<![CDATA[  [chromium] › canvas/selection.spec.ts:125:7 › Selection Behavior › only one element can be selected at a time 

    TimeoutError: locator.click: Timeout 10000ms exceeded.
    Call log:
      - waiting for locator('.react-flow__node').nth(1)
        - locator resolved to <div tabindex="0" role="group" aria-roledescription="node" data-id="system-1765536357495-uj4c6fse5" aria-describedby="react-flow__node-desc-1" data-testid="rf__node-system-1765536357495-uj4c6fse5" class="react-flow__node react-flow__node-c4Node nopan selectable draggable">…</div>
      - attempting click action
        2 × waiting for element to be visible, enabled and stable
          - element is visible, enabled and stable
          - scrolling into view if needed
          - done scrolling
          - <div data-handleid="left" data-handlepos="left" data-nodeid="system-1765536357737-qia640xwc" data-id="1-system-1765536357737-qia640xwc-left-target" class="react-flow__handle react-flow__handle-left nodrag nopan w-3 h-3 target connectable connectablestart connectableend connectionindicator"></div> from <div tabindex="0" role="group" aria-roledescription="node" data-id="system-1765536357737-qia640xwc" aria-describedby="react-flow__node-desc-1" data-testid="rf__node-system-1765536357737-qia640xwc" class="react-flow__node react-flow__node-c4Node nopan selectable draggable">…</div> subtree intercepts pointer events
        - retrying click action
        - waiting 20ms
        2 × waiting for element to be visible, enabled and stable
          - element is visible, enabled and stable
          - scrolling into view if needed
          - done scrolling
          - <div data-handleid="left" data-handlepos="left" data-nodeid="system-1765536357737-qia640xwc" data-id="1-system-1765536357737-qia640xwc-left-target" class="react-flow__handle react-flow__handle-left nodrag nopan w-3 h-3 target connectable connectablestart connectableend connectionindicator"></div> from <div tabindex="0" role="group" aria-roledescription="node" data-id="system-1765536357737-qia640xwc" aria-describedby="react-flow__node-desc-1" data-testid="rf__node-system-1765536357737-qia640xwc" class="react-flow__node react-flow__node-c4Node nopan selectable draggable">…</div> subtree intercepts pointer events
        - retrying click action
          - waiting 100ms
        19 × waiting for element to be visible, enabled and stable
           - element is visible, enabled and stable
           - scrolling into view if needed
           - done scrolling
           - <div data-handleid="left" data-handlepos="left" data-nodeid="system-1765536357737-qia640xwc" data-id="1-system-1765536357737-qia640xwc-left-target" class="react-flow__handle react-flow__handle-left nodrag nopan w-3 h-3 target connectable connectablestart connectableend connectionindicator"></div> from <div tabindex="0" role="group" aria-roledescription="node" data-id="system-1765536357737-qia640xwc" aria-describedby="react-flow__node-desc-1" data-testid="rf__node-system-1765536357737-qia640xwc" class="react-flow__node react-flow__node-c4Node nopan selectable draggable">…</div> subtree intercepts pointer events
         - retrying click action
           - waiting 500ms


       at ../pages/CanvasPage.ts:77

      75 |    */
      76 |   async selectNode(index: number): Promise<void> {
    > 77 |     await this.getNode(index).click();
         |                               ^
      78 |     await this.wait(100);
      79 |   }
      80 |
        at CanvasPage.selectNode (/Users/david.oliver/Documents/GitHub/bac4-standalone/e2e/pages/CanvasPage.ts:77:31)
        at /Users/david.oliver/Documents/GitHub/bac4-standalone/e2e/tests/canvas/selection.spec.ts:132:22

    attachment #1: screenshot (image/png) ──────────────────────────────────────────────────────────
    ../reports/test-results/canvas-selection-Selection-66d87-t-can-be-selected-at-a-time-chromium/test-failed-1.png
    ────────────────────────────────────────────────────────────────────────────────────────────────

    attachment #2: video (video/webm) ──────────────────────────────────────────────────────────────
    ../reports/test-results/canvas-selection-Selection-66d87-t-can-be-selected-at-a-time-chromium/video.webm
    ────────────────────────────────────────────────────────────────────────────────────────────────

    Error Context: ../reports/test-results/canvas-selection-Selection-66d87-t-can-be-selected-at-a-time-chromium/error-context.md
]]>
</failure>
<system-out>
<![CDATA[
[[ATTACHMENT|../test-results/canvas-selection-Selection-66d87-t-can-be-selected-at-a-time-chromium/test-failed-1.png]]

[[ATTACHMENT|../test-results/canvas-selection-Selection-66d87-t-can-be-selected-at-a-time-chromium/video.webm]]

[[ATTACHMENT|../test-results/canvas-selection-Selection-66d87-t-can-be-selected-at-a-time-chromium/error-context.md]]
]]>
</system-out>
</testcase>
</testsuite>
<testsuite name="header/clear-all.spec.ts" timestamp="2025-12-12T10:45:11.130Z" hostname="chromium" tests="8" failures="7" skipped="0" time="10.031" errors="0">
<testcase name="Clear All Functionality › clear all button is visible" classname="header/clear-all.spec.ts" time="0.851">
</testcase>
<testcase name="Clear All Functionality › clear all shows confirmation dialog" classname="header/clear-all.spec.ts" time="0.981">
<failure message="clear-all.spec.ts:18:7 clear all shows confirmation dialog" type="FAILURE">
<![CDATA[  [chromium] › header/clear-all.spec.ts:18:7 › Clear All Functionality › clear all shows confirmation dialog 

    Error: dialog.dismiss: Cannot dismiss dialog which is already handled!

      25 |       dialogShown = true;
      26 |       dialogMessage = dialog.message();
    > 27 |       await dialog.dismiss();
         |                    ^
      28 |     });
      29 |
      30 |     await app.header.clickClearAll();
        at Page.<anonymous> (/Users/david.oliver/Documents/GitHub/bac4-standalone/e2e/tests/header/clear-all.spec.ts:27:20)

    attachment #1: screenshot (image/png) ──────────────────────────────────────────────────────────
    ../reports/test-results/header-clear-all-Clear-All-1d502-l-shows-confirmation-dialog-chromium/test-failed-1.png
    ────────────────────────────────────────────────────────────────────────────────────────────────

    attachment #2: video (video/webm) ──────────────────────────────────────────────────────────────
    ../reports/test-results/header-clear-all-Clear-All-1d502-l-shows-confirmation-dialog-chromium/video.webm
    ────────────────────────────────────────────────────────────────────────────────────────────────

    Error Context: ../reports/test-results/header-clear-all-Clear-All-1d502-l-shows-confirmation-dialog-chromium/error-context.md
]]>
</failure>
<system-out>
<![CDATA[
[[ATTACHMENT|../test-results/header-clear-all-Clear-All-1d502-l-shows-confirmation-dialog-chromium/test-failed-1.png]]

[[ATTACHMENT|../test-results/header-clear-all-Clear-All-1d502-l-shows-confirmation-dialog-chromium/video.webm]]

[[ATTACHMENT|../test-results/header-clear-all-Clear-All-1d502-l-shows-confirmation-dialog-chromium/error-context.md]]
]]>
</system-out>
</testcase>
<testcase name="Clear All Functionality › accepting confirmation clears all elements" classname="header/clear-all.spec.ts" time="2.468">
<failure message="clear-all.spec.ts:36:7 accepting confirmation clears all elements" type="FAILURE">
<![CDATA[  [chromium] › header/clear-all.spec.ts:36:7 › Clear All Functionality › accepting confirmation clears all elements 

    Error: expect(received).toBe(expected) // Object.is equality

    Expected: 2
    Received: 1

      43 |
      44 |     expect(await app.canvas.getNodeCount()).toBe(3);
    > 45 |     expect(await app.canvas.getEdgeCount()).toBe(2);
         |                                             ^
      46 |
      47 |     // Accept clear all
      48 |     page.once('dialog', (dialog) => dialog.accept());
        at /Users/david.oliver/Documents/GitHub/bac4-standalone/e2e/tests/header/clear-all.spec.ts:45:45

    attachment #1: screenshot (image/png) ──────────────────────────────────────────────────────────
    ../reports/test-results/header-clear-all-Clear-All-aade1-rmation-clears-all-elements-chromium/test-failed-1.png
    ────────────────────────────────────────────────────────────────────────────────────────────────

    attachment #2: video (video/webm) ──────────────────────────────────────────────────────────────
    ../reports/test-results/header-clear-all-Clear-All-aade1-rmation-clears-all-elements-chromium/video.webm
    ────────────────────────────────────────────────────────────────────────────────────────────────

    Error Context: ../reports/test-results/header-clear-all-Clear-All-aade1-rmation-clears-all-elements-chromium/error-context.md
]]>
</failure>
<system-out>
<![CDATA[
[[ATTACHMENT|../test-results/header-clear-all-Clear-All-aade1-rmation-clears-all-elements-chromium/test-failed-1.png]]

[[ATTACHMENT|../test-results/header-clear-all-Clear-All-aade1-rmation-clears-all-elements-chromium/video.webm]]

[[ATTACHMENT|../test-results/header-clear-all-Clear-All-aade1-rmation-clears-all-elements-chromium/error-context.md]]
]]>
</system-out>
</testcase>
<testcase name="Clear All Functionality › cancelling confirmation keeps all elements" classname="header/clear-all.spec.ts" time="1.744">
<failure message="clear-all.spec.ts:57:7 cancelling confirmation keeps all elements" type="FAILURE">
<![CDATA[  [chromium] › header/clear-all.spec.ts:57:7 › Clear All Functionality › cancelling confirmation keeps all elements 

    Error: dialog.dismiss: Cannot dismiss dialog which is already handled!

      65 |
      66 |     // Cancel clear all
    > 67 |     page.once('dialog', (dialog) => dialog.dismiss());
         |                                            ^
      68 |     await app.header.clickClearAll();
      69 |     await app.wait(100);
      70 |
        at Page.<anonymous> (/Users/david.oliver/Documents/GitHub/bac4-standalone/e2e/tests/header/clear-all.spec.ts:67:44)

    Error: page.waitForTimeout: Test ended.

       at ../pages/BasePage.ts:101

       99 |    */
      100 |   async wait(ms: number): Promise<void> {
    > 101 |     await this.page.waitForTimeout(ms);
          |                     ^
      102 |   }
      103 |
      104 |   /**
        at AppPage.wait (/Users/david.oliver/Documents/GitHub/bac4-standalone/e2e/pages/BasePage.ts:101:21)
        at /Users/david.oliver/Documents/GitHub/bac4-standalone/e2e/tests/header/clear-all.spec.ts:69:15

    attachment #1: screenshot (image/png) ──────────────────────────────────────────────────────────
    ../reports/test-results/header-clear-all-Clear-All-5b97b-irmation-keeps-all-elements-chromium/test-failed-1.png
    ────────────────────────────────────────────────────────────────────────────────────────────────

    attachment #2: video (video/webm) ──────────────────────────────────────────────────────────────
    ../reports/test-results/header-clear-all-Clear-All-5b97b-irmation-keeps-all-elements-chromium/video.webm
    ────────────────────────────────────────────────────────────────────────────────────────────────

    Error Context: ../reports/test-results/header-clear-all-Clear-All-5b97b-irmation-keeps-all-elements-chromium/error-context.md
]]>
</failure>
<system-out>
<![CDATA[
[[ATTACHMENT|../test-results/header-clear-all-Clear-All-5b97b-irmation-keeps-all-elements-chromium/test-failed-1.png]]

[[ATTACHMENT|../test-results/header-clear-all-Clear-All-5b97b-irmation-keeps-all-elements-chromium/video.webm]]

[[ATTACHMENT|../test-results/header-clear-all-Clear-All-5b97b-irmation-keeps-all-elements-chromium/error-context.md]]
]]>
</system-out>
</testcase>
<testcase name="Clear All Functionality › clear all with empty canvas works" classname="header/clear-all.spec.ts" time="0.784">
<failure message="clear-all.spec.ts:76:7 clear all with empty canvas works" type="FAILURE">
<![CDATA[  [chromium] › header/clear-all.spec.ts:76:7 › Clear All Functionality › clear all with empty canvas works 

    Error: dialog.accept: Cannot accept dialog which is already handled!

      79 |
      80 |     // Clear all should still work (dialog may or may not show)
    > 81 |     page.on('dialog', (dialog) => dialog.accept());
         |                                          ^
      82 |     await app.header.clickClearAll();
      83 |
      84 |     // Still empty, no error
        at Page.<anonymous> (/Users/david.oliver/Documents/GitHub/bac4-standalone/e2e/tests/header/clear-all.spec.ts:81:42)

    attachment #1: screenshot (image/png) ──────────────────────────────────────────────────────────
    ../reports/test-results/header-clear-all-Clear-All-69230-all-with-empty-canvas-works-chromium/test-failed-1.png
    ────────────────────────────────────────────────────────────────────────────────────────────────

    attachment #2: video (video/webm) ──────────────────────────────────────────────────────────────
    ../reports/test-results/header-clear-all-Clear-All-69230-all-with-empty-canvas-works-chromium/video.webm
    ────────────────────────────────────────────────────────────────────────────────────────────────

    Error Context: ../reports/test-results/header-clear-all-Clear-All-69230-all-with-empty-canvas-works-chromium/error-context.md
]]>
</failure>
<system-out>
<![CDATA[
[[ATTACHMENT|../test-results/header-clear-all-Clear-All-69230-all-with-empty-canvas-works-chromium/test-failed-1.png]]

[[ATTACHMENT|../test-results/header-clear-all-Clear-All-69230-all-with-empty-canvas-works-chromium/video.webm]]

[[ATTACHMENT|../test-results/header-clear-all-Clear-All-69230-all-with-empty-canvas-works-chromium/error-context.md]]
]]>
</system-out>
</testcase>
<testcase name="Clear All Functionality › clear all clears properties panel selection" classname="header/clear-all.spec.ts" time="1.136">
<failure message="clear-all.spec.ts:88:7 clear all clears properties panel selection" type="FAILURE">
<![CDATA[  [chromium] › header/clear-all.spec.ts:88:7 › Clear All Functionality › clear all clears properties panel selection 

    Error: dialog.accept: Cannot accept dialog which is already handled!

       95 |
       96 |     // Clear all
    >  97 |     page.once('dialog', (dialog) => dialog.accept());
          |                                            ^
       98 |     await app.header.clickClearAll();
       99 |     await app.wait(300);
      100 |
        at Page.<anonymous> (/Users/david.oliver/Documents/GitHub/bac4-standalone/e2e/tests/header/clear-all.spec.ts:97:44)

    Error: page.waitForTimeout: Test ended.

       at ../pages/BasePage.ts:101

       99 |    */
      100 |   async wait(ms: number): Promise<void> {
    > 101 |     await this.page.waitForTimeout(ms);
          |                     ^
      102 |   }
      103 |
      104 |   /**
        at AppPage.wait (/Users/david.oliver/Documents/GitHub/bac4-standalone/e2e/pages/BasePage.ts:101:21)
        at /Users/david.oliver/Documents/GitHub/bac4-standalone/e2e/tests/header/clear-all.spec.ts:99:15

    attachment #1: screenshot (image/png) ──────────────────────────────────────────────────────────
    ../reports/test-results/header-clear-all-Clear-All-a9d13--properties-panel-selection-chromium/test-failed-1.png
    ────────────────────────────────────────────────────────────────────────────────────────────────

    attachment #2: video (video/webm) ──────────────────────────────────────────────────────────────
    ../reports/test-results/header-clear-all-Clear-All-a9d13--properties-panel-selection-chromium/video.webm
    ────────────────────────────────────────────────────────────────────────────────────────────────

    Error Context: ../reports/test-results/header-clear-all-Clear-All-a9d13--properties-panel-selection-chromium/error-context.md
]]>
</failure>
<system-out>
<![CDATA[
[[ATTACHMENT|../test-results/header-clear-all-Clear-All-a9d13--properties-panel-selection-chromium/test-failed-1.png]]

[[ATTACHMENT|../test-results/header-clear-all-Clear-All-a9d13--properties-panel-selection-chromium/video.webm]]

[[ATTACHMENT|../test-results/header-clear-all-Clear-All-a9d13--properties-panel-selection-chromium/error-context.md]]
]]>
</system-out>
</testcase>
<testcase name="Clear All Functionality › clear all preserves title" classname="header/clear-all.spec.ts" time="1.071">
<failure message="clear-all.spec.ts:105:7 clear all preserves title" type="FAILURE">
<![CDATA[  [chromium] › header/clear-all.spec.ts:105:7 › Clear All Functionality › clear all preserves title 

    Error: dialog.accept: Cannot accept dialog which is already handled!

      111 |
      112 |     // Clear all
    > 113 |     page.once('dialog', (dialog) => dialog.accept());
          |                                            ^
      114 |     await app.header.clickClearAll();
      115 |     await app.wait(300);
      116 |
        at Page.<anonymous> (/Users/david.oliver/Documents/GitHub/bac4-standalone/e2e/tests/header/clear-all.spec.ts:113:44)

    Error: page.waitForTimeout: Test ended.

       at ../pages/BasePage.ts:101

       99 |    */
      100 |   async wait(ms: number): Promise<void> {
    > 101 |     await this.page.waitForTimeout(ms);
          |                     ^
      102 |   }
      103 |
      104 |   /**
        at AppPage.wait (/Users/david.oliver/Documents/GitHub/bac4-standalone/e2e/pages/BasePage.ts:101:21)
[...]

[[ATTACHMENT|../test-results/toolbar-drag-drop-Drag-and-f067c-eated-node-has-default-name-chromium/video.webm]]

[[ATTACHMENT|../test-results/toolbar-drag-drop-Drag-and-f067c-eated-node-has-default-name-chromium/error-context.md]]
]]>
</system-out>
</testcase>
<testcase name="Drag and Drop Element Creation › multiple elements can be created" classname="toolbar/drag-drop.spec.ts" time="1.463">
</testcase>
<testcase name="Drag and Drop Element Creation › elements are created at drop position" classname="toolbar/drag-drop.spec.ts" time="1.04">
</testcase>
<testcase name="Drag and Drop Element Creation › dragging element shows cursor change" classname="toolbar/drag-drop.spec.ts" time="0.812">
</testcase>
<testcase name="Drag and Drop Element Creation › elements have correct type after creation" classname="toolbar/drag-drop.spec.ts" time="1.138">
</testcase>
<testcase name="Drag and Drop Element Creation › elements have unique IDs" classname="toolbar/drag-drop.spec.ts" time="1.296">
</testcase>
<testcase name="Drag and Drop Element Creation › created element can be selected" classname="toolbar/drag-drop.spec.ts" time="1.153">
</testcase>
<testcase name="Drag and Drop Element Creation › created element can be moved" classname="toolbar/drag-drop.spec.ts" time="1.28">
</testcase>
<testcase name="Drag and Drop Element Creation › element button has draggable attribute" classname="toolbar/drag-drop.spec.ts" time="0.737">
</testcase>
<testcase name="Drag and Drop Element Creation › all element buttons are draggable" classname="toolbar/drag-drop.spec.ts" time="0.709">
</testcase>
</testsuite>
<testsuite name="toolbar/element-visibility.spec.ts" timestamp="2025-12-12T10:45:11.130Z" hostname="chromium" tests="9" failures="0" skipped="0" time="6.39" errors="0">
<testcase name="Toolbar Element Visibility › context level shows system, person, external system" classname="toolbar/element-visibility.spec.ts" time="0.727">
</testcase>
<testcase name="Toolbar Element Visibility › container level shows system, container, person, external system" classname="toolbar/element-visibility.spec.ts" time="0.692">
</testcase>
<testcase name="Toolbar Element Visibility › component level shows container, component, person" classname="toolbar/element-visibility.spec.ts" time="0.703">
</testcase>
<testcase name="Toolbar Element Visibility › code level shows only component" classname="toolbar/element-visibility.spec.ts" time="0.705">
</testcase>
<testcase name="Toolbar Element Visibility › toolbar shows correct level label" classname="toolbar/element-visibility.spec.ts" time="0.725">
</testcase>
<testcase name="Toolbar Element Visibility › elements update immediately on level change" classname="toolbar/element-visibility.spec.ts" time="0.688">
</testcase>
<testcase name="Toolbar Element Visibility › quick tips section is always visible" classname="toolbar/element-visibility.spec.ts" time="0.696">
</testcase>
<testcase name="Toolbar Element Visibility › each element type has correct styling" classname="toolbar/element-visibility.spec.ts" time="0.713">
</testcase>
<testcase name="Toolbar Element Visibility › getVisibleElementTypes returns correct types for each level" classname="toolbar/element-visibility.spec.ts" time="0.741">
</testcase>
</testsuite>
<testsuite name="visual/visual-regression.spec.ts" timestamp="2025-12-12T10:45:11.130Z" hostname="chromium" tests="21" failures="5" skipped="0" time="62.756" errors="0">
<testcase name="Visual Regression Tests › empty canvas appearance" classname="visual/visual-regression.spec.ts" time="1.641">
</testcase>
<testcase name="Visual Regression Tests › context diagram with elements" classname="visual/visual-regression.spec.ts" time="4.323">
<failure message="visual-regression.spec.ts:25:7 context diagram with elements" type="FAILURE">
<![CDATA[  [chromium] › visual/visual-regression.spec.ts:25:7 › Visual Regression Tests › context diagram with elements 

    Error: expect(page).toHaveScreenshot(expected) failed

      25253 pixels (ratio 0.02 of all image pixels) are different.

      Snapshot: context-diagram.png

    Call log:
      - Expect "toHaveScreenshot(context-diagram.png)" with timeout 5000ms
        - verifying given screenshot expectation
      - taking page screenshot
        - disabled all CSS animations
      - waiting for fonts to load...
      - fonts loaded
      - 25253 pixels (ratio 0.02 of all image pixels) are different.
      - waiting 100ms before taking screenshot
      - taking page screenshot
        - disabled all CSS animations
      - waiting for fonts to load...
      - fonts loaded
      - captured a stable screenshot
      - 25253 pixels (ratio 0.02 of all image pixels) are different.


      40 |     await app.wait(300);
      41 |
    > 42 |     await expect(page).toHaveScreenshot('context-diagram.png', {
         |                        ^
      43 |       fullPage: true,
      44 |       animations: 'disabled',
      45 |     });
        at /Users/david.oliver/Documents/GitHub/bac4-standalone/e2e/tests/visual/visual-regression.spec.ts:42:24

    attachment #1: context-diagram (image/png) ─────────────────────────────────────────────────────
    Expected: visual/visual-regression.spec.ts-snapshots/context-diagram-chromium-darwin.png
    Received: ../reports/test-results/visual-visual-regression-V-90e33-ntext-diagram-with-elements-chromium/context-diagram-actual.png
    Diff:     ../reports/test-results/visual-visual-regression-V-90e33-ntext-diagram-with-elements-chromium/context-diagram-diff.png
    ────────────────────────────────────────────────────────────────────────────────────────────────

    attachment #2: screenshot (image/png) ──────────────────────────────────────────────────────────
    ../reports/test-results/visual-visual-regression-V-90e33-ntext-diagram-with-elements-chromium/test-failed-1.png
    ────────────────────────────────────────────────────────────────────────────────────────────────

    attachment #3: video (video/webm) ──────────────────────────────────────────────────────────────
    ../reports/test-results/visual-visual-regression-V-90e33-ntext-diagram-with-elements-chromium/video.webm
    ────────────────────────────────────────────────────────────────────────────────────────────────

    Error Context: ../reports/test-results/visual-visual-regression-V-90e33-ntext-diagram-with-elements-chromium/error-context.md
]]>
</failure>
<system-out>
<![CDATA[
[[ATTACHMENT|../../tests/visual/visual-regression.spec.ts-snapshots/context-diagram-chromium-darwin.png]]

[[ATTACHMENT|../test-results/visual-visual-regression-V-90e33-ntext-diagram-with-elements-chromium/context-diagram-actual.png]]

[[ATTACHMENT|../test-results/visual-visual-regression-V-90e33-ntext-diagram-with-elements-chromium/context-diagram-diff.png]]

[[ATTACHMENT|../test-results/visual-visual-regression-V-90e33-ntext-diagram-with-elements-chromium/test-failed-1.png]]

[[ATTACHMENT|../test-results/visual-visual-regression-V-90e33-ntext-diagram-with-elements-chromium/video.webm]]

[[ATTACHMENT|../test-results/visual-visual-regression-V-90e33-ntext-diagram-with-elements-chromium/error-context.md]]
]]>
</system-out>
</testcase>
<testcase name="Visual Regression Tests › properties panel with element selected" classname="visual/visual-regression.spec.ts" time="1.972">
<failure message="visual-regression.spec.ts:48:7 properties panel with element selected" type="FAILURE">
<![CDATA[  [chromium] › visual/visual-regression.spec.ts:48:7 › Visual Regression Tests › properties panel with element selected 

    Error: expect(locator).toHaveScreenshot(expected) failed

    Locator: locator('aside.w-80')
      229 pixels (ratio 0.01 of all image pixels) are different.

      Snapshot: properties-panel-element.png

    Call log:
      - Expect "toHaveScreenshot(properties-panel-element.png)" with timeout 5000ms
        - verifying given screenshot expectation
      - waiting for locator('aside.w-80')
        - locator resolved to <aside class="w-80 bg-white border-l border-gray-200 p-4 overflow-y-auto">…</aside>
      - taking element screenshot
        - disabled all CSS animations
      - waiting for fonts to load...
      - fonts loaded
      - attempting scroll into view action
        - waiting for element to be stable
      - 229 pixels (ratio 0.01 of all image pixels) are different.
      - waiting 100ms before taking screenshot
      - waiting for locator('aside.w-80')
        - locator resolved to <aside class="w-80 bg-white border-l border-gray-200 p-4 overflow-y-auto">…</aside>
      - taking element screenshot
        - disabled all CSS animations
      - waiting for fonts to load...
      - fonts loaded
      - attempting scroll into view action
        - waiting for element to be stable
      - captured a stable screenshot
      - 229 pixels (ratio 0.01 of all image pixels) are different.


      57 |     await app.wait(300);
      58 |
    > 59 |     await expect(app.propertiesPanel.panel).toHaveScreenshot('properties-panel-element.png', {
         |                                             ^
      60 |       animations: 'disabled',
      61 |     });
      62 |   });
        at /Users/david.oliver/Documents/GitHub/bac4-standalone/e2e/tests/visual/visual-regression.spec.ts:59:45

    attachment #1: properties-panel-element (image/png) ────────────────────────────────────────────
    Expected: visual/visual-regression.spec.ts-snapshots/properties-panel-element-chromium-darwin.png
    Received: ../reports/test-results/visual-visual-regression-V-d8e10-panel-with-element-selected-chromium/properties-panel-element-actual.png
    Diff:     ../reports/test-results/visual-visual-regression-V-d8e10-panel-with-element-selected-chromium/properties-panel-element-diff.png
    ────────────────────────────────────────────────────────────────────────────────────────────────

    attachment #2: screenshot (image/png) ──────────────────────────────────────────────────────────
    ../reports/test-results/visual-visual-regression-V-d8e10-panel-with-element-selected-chromium/test-failed-1.png
    ────────────────────────────────────────────────────────────────────────────────────────────────

    attachment #3: video (video/webm) ──────────────────────────────────────────────────────────────
    ../reports/test-results/visual-visual-regression-V-d8e10-panel-with-element-selected-chromium/video.webm
    ────────────────────────────────────────────────────────────────────────────────────────────────

    Error Context: ../reports/test-results/visual-visual-regression-V-d8e10-panel-with-element-selected-chromium/error-context.md
]]>
</failure>
<system-out>
<![CDATA[
[[ATTACHMENT|../../tests/visual/visual-regression.spec.ts-snapshots/properties-panel-element-chromium-darwin.png]]

[[ATTACHMENT|../test-results/visual-visual-regression-V-d8e10-panel-with-element-selected-chromium/properties-panel-element-actual.png]]

[[ATTACHMENT|../test-results/visual-visual-regression-V-d8e10-panel-with-element-selected-chromium/properties-panel-element-diff.png]]

[[ATTACHMENT|../test-results/visual-visual-regression-V-d8e10-panel-with-element-selected-chromium/test-failed-1.png]]

[[ATTACHMENT|../test-results/visual-visual-regression-V-d8e10-panel-with-element-selected-chromium/video.webm]]

[[ATTACHMENT|../test-results/visual-visual-regression-V-d8e10-panel-with-element-selected-chromium/error-context.md]]
]]>
</system-out>
</testcase>
<testcase name="Visual Regression Tests › properties panel with relationship selected" classname="visual/visual-regression.spec.ts" time="11.91">
<failure message="visual-regression.spec.ts:64:7 properties panel with relationship selected" type="FAILURE">
<![CDATA[  [chromium] › visual/visual-regression.spec.ts:64:7 › Visual Regression Tests › properties panel with relationship selected 

    TimeoutError: locator.click: Timeout 10000ms exceeded.
    Call log:
      - waiting for locator('.react-flow__edge').first()


       at ../pages/CanvasPage.ts:137

      135 |     // Click on the edge path or label
      136 |     const edge = this.getEdge(index);
    > 137 |     await edge.click();
          |                ^
      138 |     await this.wait(100);
      139 |   }
      140 |
        at CanvasPage.selectEdge (/Users/david.oliver/Documents/GitHub/bac4-standalone/e2e/pages/CanvasPage.ts:137:16)
        at /Users/david.oliver/Documents/GitHub/bac4-standalone/e2e/tests/visual/visual-regression.spec.ts:69:22

    attachment #1: screenshot (image/png) ──────────────────────────────────────────────────────────
    ../reports/test-results/visual-visual-regression-V-88cee--with-relationship-selected-chromium/test-failed-1.png
    ────────────────────────────────────────────────────────────────────────────────────────────────

    attachment #2: video (video/webm) ──────────────────────────────────────────────────────────────
    ../reports/test-results/visual-visual-regression-V-88cee--with-relationship-selected-chromium/video.webm
    ────────────────────────────────────────────────────────────────────────────────────────────────

    Error Context: ../reports/test-results/visual-visual-regression-V-88cee--with-relationship-selected-chromium/error-context.md
]]>
</failure>
<system-out>
<![CDATA[
[[ATTACHMENT|../test-results/visual-visual-regression-V-88cee--with-relationship-selected-chromium/test-failed-1.png]]

[[ATTACHMENT|../test-results/visual-visual-regression-V-88cee--with-relationship-selected-chromium/video.webm]]

[[ATTACHMENT|../test-results/visual-visual-regression-V-88cee--with-relationship-selected-chromium/error-context.md]]
]]>
</system-out>
</testcase>
<testcase name="Visual Regression Tests › export menu open" classname="visual/visual-regression.spec.ts" time="1.007">
</testcase>
<testcase name="Visual Regression Tests › layout menu open" classname="visual/visual-regression.spec.ts" time="0.944">
</testcase>
<testcase name="Visual Regression Tests › system node styling" classname="visual/visual-regression.spec.ts" time="1.618">
</testcase>
<testcase name="Visual Regression Tests › person node styling" classname="visual/visual-regression.spec.ts" time="1.642">
</testcase>
<testcase name="Visual Regression Tests › external system node styling" classname="visual/visual-regression.spec.ts" time="1.578">
</testcase>
<testcase name="Visual Regression Tests › container node styling" classname="visual/visual-regression.spec.ts" time="1.607">
</testcase>
<testcase name="Visual Regression Tests › component node styling" classname="visual/visual-regression.spec.ts" time="1.6">
</testcase>
<testcase name="Visual Regression Tests › edge solid style" classname="visual/visual-regression.spec.ts" time="2.592">
</testcase>
<testcase name="Visual Regression Tests › edge dashed style" classname="visual/visual-regression.spec.ts" time="11.978">
<failure message="visual-regression.spec.ts:172:7 edge dashed style" type="FAILURE">
<![CDATA[  [chromium] › visual/visual-regression.spec.ts:172:7 › Visual Regression Tests › edge dashed style 

    TimeoutError: locator.click: Timeout 10000ms exceeded.
    Call log:
      - waiting for locator('.react-flow__edge').first()


       at ../pages/CanvasPage.ts:137

      135 |     // Click on the edge path or label
      136 |     const edge = this.getEdge(index);
    > 137 |     await edge.click();
          |                ^
      138 |     await this.wait(100);
      139 |   }
      140 |
        at CanvasPage.selectEdge (/Users/david.oliver/Documents/GitHub/bac4-standalone/e2e/pages/CanvasPage.ts:137:16)
        at /Users/david.oliver/Documents/GitHub/bac4-standalone/e2e/tests/visual/visual-regression.spec.ts:177:22

    attachment #1: screenshot (image/png) ──────────────────────────────────────────────────────────
    ../reports/test-results/visual-visual-regression-V-4194c-ion-Tests-edge-dashed-style-chromium/test-failed-1.png
    ────────────────────────────────────────────────────────────────────────────────────────────────

    attachment #2: video (video/webm) ──────────────────────────────────────────────────────────────
    ../reports/test-results/visual-visual-regression-V-4194c-ion-Tests-edge-dashed-style-chromium/video.webm
    ────────────────────────────────────────────────────────────────────────────────────────────────

    Error Context: ../reports/test-results/visual-visual-regression-V-4194c-ion-Tests-edge-dashed-style-chromium/error-context.md
]]>
</failure>
<system-out>
<![CDATA[
[[ATTACHMENT|../test-results/visual-visual-regression-V-4194c-ion-Tests-edge-dashed-style-chromium/test-failed-1.png]]

[[ATTACHMENT|../test-results/visual-visual-regression-V-4194c-ion-Tests-edge-dashed-style-chromium/video.webm]]

[[ATTACHMENT|../test-results/visual-visual-regression-V-4194c-ion-Tests-edge-dashed-style-chromium/error-context.md]]
]]>
</system-out>
</testcase>
<testcase name="Visual Regression Tests › edge dotted style" classname="visual/visual-regression.spec.ts" time="11.901">
<failure message="visual-regression.spec.ts:190:7 edge dotted style" type="FAILURE">
<![CDATA[  [chromium] › visual/visual-regression.spec.ts:190:7 › Visual Regression Tests › edge dotted style 

    TimeoutError: locator.click: Timeout 10000ms exceeded.
    Call log:
      - waiting for locator('.react-flow__edge').first()


       at ../pages/CanvasPage.ts:137

      135 |     // Click on the edge path or label
      136 |     const edge = this.getEdge(index);
    > 137 |     await edge.click();
          |                ^
      138 |     await this.wait(100);
      139 |   }
      140 |
        at CanvasPage.selectEdge (/Users/david.oliver/Documents/GitHub/bac4-standalone/e2e/pages/CanvasPage.ts:137:16)
        at /Users/david.oliver/Documents/GitHub/bac4-standalone/e2e/tests/visual/visual-regression.spec.ts:195:22

    attachment #1: screenshot (image/png) ──────────────────────────────────────────────────────────
    ../reports/test-results/visual-visual-regression-V-e2a78-ion-Tests-edge-dotted-style-chromium/test-failed-1.png
    ────────────────────────────────────────────────────────────────────────────────────────────────

    attachment #2: video (video/webm) ──────────────────────────────────────────────────────────────
    ../reports/test-results/visual-visual-regression-V-e2a78-ion-Tests-edge-dotted-style-chromium/video.webm
    ────────────────────────────────────────────────────────────────────────────────────────────────

    Error Context: ../reports/test-results/visual-visual-regression-V-e2a78-ion-Tests-edge-dotted-style-chromium/error-context.md
]]>
</failure>
<system-out>
<![CDATA[
[[ATTACHMENT|../test-results/visual-visual-regression-V-e2a78-ion-Tests-edge-dotted-style-chromium/test-failed-1.png]]

[[ATTACHMENT|../test-results/visual-visual-regression-V-e2a78-ion-Tests-edge-dotted-style-chromium/video.webm]]

[[ATTACHMENT|../test-results/visual-visual-regression-V-e2a78-ion-Tests-edge-dotted-style-chromium/error-context.md]]
]]>
</system-out>
</testcase>
<testcase name="Visual Regression Tests › selected node appearance" classname="visual/visual-regression.spec.ts" time="1.299">
</testcase>
<testcase name="Visual Regression Tests › toolbar at context level" classname="visual/visual-regression.spec.ts" time="0.766">
</testcase>
<testcase name="Visual Regression Tests › toolbar at container level" classname="visual/visual-regression.spec.ts" time="0.96">
</testcase>
<testcase name="Visual Regression Tests › toolbar at component level" classname="visual/visual-regression.spec.ts" time="0.932">
</testcase>
<testcase name="Visual Regression Tests › toolbar at code level" classname="visual/visual-regression.spec.ts" time="0.968">
</testcase>
<testcase name="Visual Regression Tests › header appearance" classname="visual/visual-regression.spec.ts" time="0.749">
</testcase>
<testcase name="Visual Regression Tests › canvas controls appearance" classname="visual/visual-regression.spec.ts" time="0.769">
</testcase>
</testsuite>
</testsuites>